[0m2021-05-06 18:54:45 V/Net 1657663326: Loading BdhSession from cache file[0m
[0m2021-05-06 18:54:45 V/Net 1657663326: Loading server list from cache.[0m
[92m2021-05-06 18:54:45 I/Net 1657663326: Connected to server 120.232.19.196:443[0m
[0m2021-05-06 18:54:45 V/Net 1657663326: Send: wtlogin.login[0m
[0m2021-05-06 18:54:45 V/Net 1657663326: Recv: LoginPacketResponse.Success[0m
[92m2021-05-06 18:54:45 I/Net 1657663326: Login successful[0m
[92m2021-05-06 18:54:45 I/Net 1657663326: Saved account secrets to local cache for fast login.[0m
[0m2021-05-06 18:54:45 V/Net 1657663326: Send: StatSvc.register[0m
[0m2021-05-06 18:54:45 V/Net 1657663326: Recv: Response(StatSvc.register)[0m
[0m2021-05-06 18:54:45 V/Net 1657663326: Send: StatSvc.register[0m
[0m2021-05-06 18:54:45 V/Net 1657663326: Recv: Response(StatSvc.register)[0m
[92m2021-05-06 18:54:45 I/Net 1657663326: Awaiting ConfigPushSvc.PushReq.[0m
[92m2021-05-06 18:54:45 I/Net 1657663326: Syncing friend message history...[0m
[92m2021-05-06 18:54:45 I/Net 1657663326: Start loading friend list...[0m
[92m2021-05-06 18:54:45 I/Net 1657663326: Start loading stranger list...[0m
[0m2021-05-06 18:54:45 V/Net 1657663326: Send: MessageSvc.PbGetMsg[0m
[0m2021-05-06 18:54:45 V/Net 1657663326: Send: MessageSvc.PbDeleteMsg[0m
[0m2021-05-06 18:54:45 V/Net 1657663326: Send: StatSvc.GetDevLoginInfo[0m
[96m2021-05-06 18:54:45 D/Net 1657663326: Received unknown commandName: MultiVideo.s2c[0m
[0m2021-05-06 18:54:45 V/Net 1657663326: Recv: StatSvc.GetDevLoginInfo.Response(deviceList.size=1)[0m
[0m2021-05-06 18:54:45 V/Net 1657663326: Send: friendlist.getFriendGroupList[0m
[0m2021-05-06 18:54:46 V/Net 1657663326: Recv: FriendList.GetFriendGroupList.Response[0m
[0m2021-05-06 18:54:46 V/Net 1657663326: Loading friend list: 6/6[0m
[92m2021-05-06 18:54:46 I/Net 1657663326: Successfully loaded friend list: 6 in total[0m
[0m2021-05-06 18:54:46 V/Net 1657663326: Send: OidbSvc.0x496[0m
[0m2021-05-06 18:54:46 V/Net 1657663326: Recv: TroopManagement.GetTroopConfig.Response(true)[0m
[92m2021-05-06 18:54:46 I/Net 1657663326: Start loading group list...[0m
[0m2021-05-06 18:54:46 V/Net 1657663326: Send: OidbSvc.0x5d2_0[0m
[0m2021-05-06 18:54:46 V/Net 1657663326: Recv: StrangerList.GetStrangerList.Response(result=0)[0m
[92m2021-05-06 18:54:46 I/Net 1657663326: Successfully loaded stranger list: 0 in total[0m
[0m2021-05-06 18:54:46 V/Net 1657663326: Send: MessageSvc.PbGetMsg[0m
[0m2021-05-06 18:54:46 V/Net 1657663326: Send: MessageSvc.PbDeleteMsg[0m
[0m2021-05-06 18:54:46 V/Net 1657663326: Send: friendlist.GetTroopListReqV2[0m
[0m2021-05-06 18:54:46 V/Net 1657663326: Recv: FriendList.GetFriendGroupList.Response[0m
[0m2021-05-06 18:54:46 V/Net 1657663326: Send: MessageSvc.PbGetMsg[0m
[0m2021-05-06 18:54:46 V/Net 1657663326: Send: MessageSvc.PbDeleteMsg[0m
[92m2021-05-06 18:54:46 I/Net 1657663326: Syncing friend message history: Success.[0m
[0m2021-05-06 18:54:46 V/Net 1657663326: Send: friendlist.GetTroopMemberListReq[0m
[0m2021-05-06 18:54:46 V/Net 1657663326: Recv: FriendList.GetTroopMemberList.Response[0m
[0m2021-05-06 18:54:46 V/Net 1657663326: Send: friendlist.GetTroopMemberListReq[0m
[0m2021-05-06 18:54:47 V/Net 1657663326: Recv: FriendList.GetTroopMemberList.Response[0m
[0m2021-05-06 18:54:47 V/Net 1657663326: Send: friendlist.GetTroopMemberListReq[0m
[0m2021-05-06 18:54:47 V/Net 1657663326: Recv: FriendList.GetTroopMemberList.Response[0m
[0m2021-05-06 18:54:47 V/Net 1657663326: Send: friendlist.GetTroopMemberListReq[0m
[0m2021-05-06 18:54:47 V/Net 1657663326: Recv: FriendList.GetTroopMemberList.Response[0m
[0m2021-05-06 18:54:47 V/Net 1657663326: Send: friendlist.GetTroopMemberListReq[0m
[0m2021-05-06 18:54:47 V/Net 1657663326: Recv: FriendList.GetTroopMemberList.Response[0m
[0m2021-05-06 18:54:47 V/Net 1657663326: Send: friendlist.GetTroopMemberListReq[0m
[0m2021-05-06 18:54:47 V/Net 1657663326: Recv: FriendList.GetTroopMemberList.Response[0m
[0m2021-05-06 18:54:47 V/Net 1657663326: Send: friendlist.GetTroopMemberListReq[0m
[0m2021-05-06 18:54:48 V/Net 1657663326: Recv: FriendList.GetTroopMemberList.Response[0m
[0m2021-05-06 18:54:48 V/Net 1657663326: Send: friendlist.GetTroopMemberListReq[0m
[0m2021-05-06 18:54:48 V/Net 1657663326: Recv: FriendList.GetTroopMemberList.Response[0m
[0m2021-05-06 18:54:48 V/Net 1657663326: Send: friendlist.GetTroopMemberListReq[0m
[0m2021-05-06 18:54:48 V/Net 1657663326: Recv: ConfigPushSvc.PushReq.PushReqResponse.ServerListPush[0m
[92m2021-05-06 18:54:48 I/Net 1657663326: Server list updated.[0m
[92m2021-05-06 18:54:48 I/Net 1657663326: Server list: 36.155.229.117:443, 111.30.169.27:8080, 120.241.139.76:8080, 111.30.169.93:80, 36.155.229.191:14000, 120.232.18.28:443, 111.30.169.37:80, 36.155.249.17:80, msfwifi.3g.qq.com:8080, 111.30.169.59:80.[0m
[0m2021-05-06 18:54:48 V/Net 1657663326: Saving bdh session to cache[0m
[0m2021-05-06 18:54:48 V/Net 1657663326: Saving server list to cache[0m
[0m2021-05-06 18:54:48 V/Net 1657663326: Send: ConfigPushSvc.PushResp[0m
[92m2021-05-06 18:54:48 I/Net 1657663326: ConfigPushSvc.PushReq: Server updated.[0m
[0m2021-05-06 18:54:48 V/Net 1657663326: Recv: FriendList.GetTroopMemberList.Response[0m
[0m2021-05-06 18:54:48 V/Net 1657663326: Send: friendlist.GetTroopMemberListReq[0m
[96m2021-05-06 18:54:48 D/Net 1657663326: Received unknown commandName: ConfigPushSvc.PushDomain[0m
[0m2021-05-06 18:54:48 V/Net 1657663326: Recv: ConfigPushSvc.PushReq.PushReqResponse.ConfigPush[0m
[0m2021-05-06 18:54:48 V/Net 1657663326: Saving bdh session to cache[0m
[0m2021-05-06 18:54:48 V/Net 1657663326: Send: ConfigPushSvc.PushResp[0m
[0m2021-05-06 18:54:48 V/Net 1657663326: Recv: FriendList.GetTroopMemberList.Response[0m
[0m2021-05-06 18:54:48 V/Net 1657663326: Send: friendlist.GetTroopMemberListReq[0m
[0m2021-05-06 18:54:49 V/Net 1657663326: Recv: FriendList.GetTroopMemberList.Response[0m
[0m2021-05-06 18:54:49 V/Net 1657663326: Send: friendlist.GetTroopMemberListReq[0m
[0m2021-05-06 18:54:49 V/Net 1657663326: Recv: FriendList.GetTroopMemberList.Response[0m
[0m2021-05-06 18:54:49 V/Net 1657663326: Send: friendlist.GetTroopMemberListReq[0m
[0m2021-05-06 18:54:49 V/Net 1657663326: Recv: FriendList.GetTroopMemberList.Response[0m
[0m2021-05-06 18:54:49 V/Net 1657663326: Send: friendlist.GetTroopMemberListReq[0m
[0m2021-05-06 18:54:49 V/Net 1657663326: Recv: FriendList.GetTroopMemberList.Response[0m
[0m2021-05-06 18:54:49 V/Net 1657663326: Send: friendlist.GetTroopMemberListReq[0m
[0m2021-05-06 18:54:49 V/Net 1657663326: Recv: FriendList.GetTroopMemberList.Response[0m
[0m2021-05-06 18:54:49 V/Net 1657663326: Send: friendlist.GetTroopMemberListReq[0m
[0m2021-05-06 18:54:49 V/Net 1657663326: Recv: FriendList.GetTroopMemberList.Response[0m
[0m2021-05-06 18:54:49 V/Net 1657663326: Send: friendlist.GetTroopMemberListReq[0m
[0m2021-05-06 18:54:49 V/Net 1657663326: Recv: FriendList.GetTroopMemberList.Response[0m
[0m2021-05-06 18:54:49 V/Net 1657663326: Send: friendlist.GetTroopMemberListReq[0m
[0m2021-05-06 18:54:50 V/Net 1657663326: Recv: FriendList.GetTroopMemberList.Response[0m
[0m2021-05-06 18:54:50 V/Net 1657663326: Send: friendlist.GetTroopMemberListReq[0m
[0m2021-05-06 18:54:50 V/Net 1657663326: Recv: FriendList.GetTroopMemberList.Response[0m
[0m2021-05-06 18:54:50 V/Net 1657663326: Send: friendlist.GetTroopMemberListReq[0m
[0m2021-05-06 18:54:50 V/Net 1657663326: Recv: FriendList.GetTroopMemberList.Response[0m
[0m2021-05-06 18:54:50 V/Net 1657663326: Send: friendlist.GetTroopMemberListReq[0m
[0m2021-05-06 18:54:50 V/Net 1657663326: Recv: FriendList.GetTroopMemberList.Response[0m
[92m2021-05-06 18:54:50 I/Net 1657663326: Successfully loaded group list: 10 in total.[0m
[92m2021-05-06 18:54:50 I/Net 1657663326: Scheduled refresh login session in 19d 23h 55min 0.0s.[0m
[92m2021-05-06 18:54:50 I/Net 1657663326: Scheduled key refresh in 23h 55min 0.0s.[0m
[0m2021-05-06 18:55:44 V/Net 1657663326: Send: OnlinePush.RespPush[0m
[0m2021-05-06 18:55:45 V/Net 1657663326: Send: Heartbeat.Alive[0m
[0m2021-05-06 18:55:45 V/Net 1657663326: Recv: Heartbeat.Alive.Response[0m
[0m2021-05-06 18:55:52 V/Net 1657663326: Send: OnlinePush.RespPush[0m
[0m2021-05-06 18:56:45 V/Net 1657663326: Send: Heartbeat.Alive[0m
[0m2021-05-06 18:56:45 V/Net 1657663326: Recv: Heartbeat.Alive.Response[0m
[0m2021-05-06 18:56:48 V/Net 1657663326: Send: OnlinePush.RespPush[0m
[0m2021-05-06 18:56:57 V/Net 1657663326: Send: OnlinePush.RespPush[0m
[0m2021-05-06 18:57:45 V/Net 1657663326: Send: Heartbeat.Alive[0m
[0m2021-05-06 18:57:45 V/Net 1657663326: Recv: Heartbeat.Alive.Response[0m
[0m2021-05-06 18:57:53 V/Net 1657663326: Send: OnlinePush.RespPush[0m
[0m2021-05-06 18:58:02 V/Net 1657663326: Send: OnlinePush.RespPush[0m
[0m2021-05-06 18:58:45 V/Net 1657663326: Send: Heartbeat.Alive[0m
[0m2021-05-06 18:58:45 V/Net 1657663326: Recv: Heartbeat.Alive.Response[0m
[0m2021-05-06 18:58:58 V/Net 1657663326: Send: OnlinePush.RespPush[0m
[0m2021-05-06 18:59:06 V/Net 1657663326: Send: OnlinePush.RespPush[0m
[0m2021-05-06 18:59:15 V/Net 1657663326: Send: StatSvc.SimpleGet[0m
[0m2021-05-06 18:59:15 V/Net 1657663326: Recv: Response(SimpleGet.Response)[0m
[0m2021-05-06 18:59:45 V/Net 1657663326: Send: Heartbeat.Alive[0m
[0m2021-05-06 18:59:45 V/Net 1657663326: Recv: Heartbeat.Alive.Response[0m
[0m2021-05-06 19:00:04 V/Net 1657663326: Send: OnlinePush.RespPush[0m
[0m2021-05-06 19:00:12 V/Net 1657663326: Send: OnlinePush.RespPush[0m
[0m2021-05-06 19:00:46 V/Net 1657663326: Send: Heartbeat.Alive[0m
[0m2021-05-06 19:00:46 V/Net 1657663326: Recv: Heartbeat.Alive.Response[0m
[0m2021-05-06 19:01:06 V/Net 1657663326: Send: StatSvc.register[0m
[0m2021-05-06 19:01:06 V/Net 1657663326: Channel closed.[0m
