[0m2021-04-10 00:00:44 V/Net 1657663326: Send: StatSvc.SimpleGet[0m
[0m2021-04-10 00:00:45 V/Net 1657663326: Recv: Response(SimpleGet.Response)[0m
[0m2021-04-10 00:00:52 V/Net 1657663326: Send: Heartbeat.Alive[0m
[0m2021-04-10 00:00:52 V/Net 1657663326: Recv: Heartbeat.Alive.Response[0m
[0m2021-04-10 00:01:52 V/Net 1657663326: Send: Heartbeat.Alive[0m
[0m2021-04-10 00:01:52 V/Net 1657663326: Recv: Heartbeat.Alive.Response[0m
[0m2021-04-10 00:02:52 V/Net 1657663326: Send: Heartbeat.Alive[0m
[0m2021-04-10 00:02:52 V/Net 1657663326: Recv: Heartbeat.Alive.Response[0m
[0m2021-04-10 00:03:52 V/Net 1657663326: Send: Heartbeat.Alive[0m
[0m2021-04-10 00:03:52 V/Net 1657663326: Recv: Heartbeat.Alive.Response[0m
[0m2021-04-10 00:04:52 V/Net 1657663326: Send: Heartbeat.Alive[0m
[0m2021-04-10 00:04:52 V/Net 1657663326: Recv: Heartbeat.Alive.Response[0m
[0m2021-04-10 00:05:15 V/Net 1657663326: Send: StatSvc.SimpleGet[0m
[0m2021-04-10 00:05:15 V/Net 1657663326: Recv: Response(SimpleGet.Response)[0m
[0m2021-04-10 00:05:52 V/Net 1657663326: Send: Heartbeat.Alive[0m
[0m2021-04-10 00:05:53 V/Net 1657663326: Recv: Heartbeat.Alive.Response[0m
[0m2021-04-10 00:06:53 V/Net 1657663326: Send: Heartbeat.Alive[0m
[0m2021-04-10 00:06:53 V/Net 1657663326: Recv: Heartbeat.Alive.Response[0m
[0m2021-04-10 00:07:53 V/Net 1657663326: Send: Heartbeat.Alive[0m
[0m2021-04-10 00:07:53 V/Net 1657663326: Recv: Heartbeat.Alive.Response[0m
[0m2021-04-10 00:08:53 V/Net 1657663326: Send: Heartbeat.Alive[0m
[0m2021-04-10 00:08:53 V/Net 1657663326: Recv: Heartbeat.Alive.Response[0m
[0m2021-04-10 00:09:45 V/Net 1657663326: Send: StatSvc.SimpleGet[0m
[0m2021-04-10 00:09:45 V/Net 1657663326: Recv: Response(SimpleGet.Response)[0m
[0m2021-04-10 00:09:53 V/Net 1657663326: Send: Heartbeat.Alive[0m
[0m2021-04-10 00:09:53 V/Net 1657663326: Recv: Heartbeat.Alive.Response[0m
[0m2021-04-10 00:10:53 V/Net 1657663326: Send: Heartbeat.Alive[0m
[0m2021-04-10 00:10:53 V/Net 1657663326: Recv: Heartbeat.Alive.Response[0m
[0m2021-04-10 00:11:53 V/Net 1657663326: Send: Heartbeat.Alive[0m
[0m2021-04-10 00:11:53 V/Net 1657663326: Recv: Heartbeat.Alive.Response[0m
[0m2021-04-10 00:12:53 V/Net 1657663326: Send: Heartbeat.Alive[0m
[0m2021-04-10 00:12:53 V/Net 1657663326: Recv: Heartbeat.Alive.Response[0m
[0m2021-04-10 00:13:53 V/Net 1657663326: Send: Heartbeat.Alive[0m
[0m2021-04-10 00:13:53 V/Net 1657663326: Recv: Heartbeat.Alive.Response[0m
[0m2021-04-10 00:14:15 V/Net 1657663326: Send: StatSvc.SimpleGet[0m
[0m2021-04-10 00:14:15 V/Net 1657663326: Recv: Response(SimpleGet.Response)[0m
[0m2021-04-10 00:14:53 V/Net 1657663326: Send: Heartbeat.Alive[0m
[0m2021-04-10 00:14:53 V/Net 1657663326: Recv: Heartbeat.Alive.Response[0m
[0m2021-04-10 00:15:53 V/Net 1657663326: Send: Heartbeat.Alive[0m
[0m2021-04-10 00:15:53 V/Net 1657663326: Recv: Heartbeat.Alive.Response[0m
[0m2021-04-10 00:16:53 V/Net 1657663326: Send: Heartbeat.Alive[0m
[0m2021-04-10 00:16:53 V/Net 1657663326: Recv: Heartbeat.Alive.Response[0m
[0m2021-04-10 00:17:53 V/Net 1657663326: Send: Heartbeat.Alive[0m
[0m2021-04-10 00:17:53 V/Net 1657663326: Recv: Heartbeat.Alive.Response[0m
[0m2021-04-10 00:18:45 V/Net 1657663326: Send: StatSvc.SimpleGet[0m
[0m2021-04-10 00:18:45 V/Net 1657663326: Recv: Response(SimpleGet.Response)[0m
[0m2021-04-10 00:18:53 V/Net 1657663326: Send: Heartbeat.Alive[0m
[0m2021-04-10 00:18:53 V/Net 1657663326: Recv: Heartbeat.Alive.Response[0m
[0m2021-04-10 00:19:53 V/Net 1657663326: Send: Heartbeat.Alive[0m
[0m2021-04-10 00:19:53 V/Net 1657663326: Recv: Heartbeat.Alive.Response[0m
[0m2021-04-10 00:20:53 V/Net 1657663326: Send: Heartbeat.Alive[0m
[0m2021-04-10 00:20:53 V/Net 1657663326: Recv: Heartbeat.Alive.Response[0m
[0m2021-04-10 00:21:53 V/Net 1657663326: Send: Heartbeat.Alive[0m
[0m2021-04-10 00:21:53 V/Net 1657663326: Recv: Heartbeat.Alive.Response[0m
[0m2021-04-10 00:22:53 V/Net 1657663326: Send: Heartbeat.Alive[0m
[0m2021-04-10 00:22:53 V/Net 1657663326: Recv: Heartbeat.Alive.Response[0m
[0m2021-04-10 00:23:15 V/Net 1657663326: Send: StatSvc.SimpleGet[0m
[0m2021-04-10 00:23:15 V/Net 1657663326: Recv: Response(SimpleGet.Response)[0m
[0m2021-04-10 00:23:53 V/Net 1657663326: Send: Heartbeat.Alive[0m
[0m2021-04-10 00:23:53 V/Net 1657663326: Recv: Heartbeat.Alive.Response[0m
[0m2021-04-10 00:24:53 V/Net 1657663326: Send: Heartbeat.Alive[0m
[0m2021-04-10 00:24:53 V/Net 1657663326: Recv: Heartbeat.Alive.Response[0m
[0m2021-04-10 00:25:53 V/Net 1657663326: Send: Heartbeat.Alive[0m
[0m2021-04-10 00:25:53 V/Net 1657663326: Recv: Heartbeat.Alive.Response[0m
[0m2021-04-10 00:26:53 V/Net 1657663326: Send: Heartbeat.Alive[0m
[0m2021-04-10 00:26:54 V/Net 1657663326: Recv: Heartbeat.Alive.Response[0m
[0m2021-04-10 00:27:45 V/Net 1657663326: Send: StatSvc.SimpleGet[0m
[0m2021-04-10 00:27:45 V/Net 1657663326: Recv: Response(SimpleGet.Response)[0m
[0m2021-04-10 00:27:54 V/Net 1657663326: Send: Heartbeat.Alive[0m
[0m2021-04-10 00:27:54 V/Net 1657663326: Recv: Heartbeat.Alive.Response[0m
[0m2021-04-10 00:28:54 V/Net 1657663326: Send: Heartbeat.Alive[0m
[0m2021-04-10 00:28:54 V/Net 1657663326: Recv: Heartbeat.Alive.Response[0m
[0m2021-04-10 00:29:54 V/Net 1657663326: Send: Heartbeat.Alive[0m
[0m2021-04-10 00:29:54 V/Net 1657663326: Recv: Heartbeat.Alive.Response[0m
[0m2021-04-10 00:30:54 V/Net 1657663326: Send: Heartbeat.Alive[0m
[0m2021-04-10 00:30:54 V/Net 1657663326: Recv: Heartbeat.Alive.Response[0m
[0m2021-04-10 00:31:54 V/Net 1657663326: Send: Heartbeat.Alive[0m
[0m2021-04-10 00:31:54 V/Net 1657663326: Recv: Heartbeat.Alive.Response[0m
[0m2021-04-10 00:32:15 V/Net 1657663326: Send: StatSvc.SimpleGet[0m
[0m2021-04-10 00:32:15 V/Net 1657663326: Recv: Response(SimpleGet.Response)[0m
[0m2021-04-10 00:32:54 V/Net 1657663326: Send: Heartbeat.Alive[0m
[0m2021-04-10 00:32:54 V/Net 1657663326: Recv: Heartbeat.Alive.Response[0m
[0m2021-04-10 00:33:54 V/Net 1657663326: Send: Heartbeat.Alive[0m
[0m2021-04-10 00:33:54 V/Net 1657663326: Recv: Heartbeat.Alive.Response[0m
[0m2021-04-10 00:34:54 V/Net 1657663326: Send: Heartbeat.Alive[0m
[0m2021-04-10 00:34:54 V/Net 1657663326: Recv: Heartbeat.Alive.Response[0m
[0m2021-04-10 00:35:54 V/Net 1657663326: Send: Heartbeat.Alive[0m
[0m2021-04-10 00:35:54 V/Net 1657663326: Recv: Heartbeat.Alive.Response[0m
[0m2021-04-10 00:36:45 V/Net 1657663326: Send: StatSvc.SimpleGet[0m
[0m2021-04-10 00:36:45 V/Net 1657663326: Recv: Response(SimpleGet.Response)[0m
[0m2021-04-10 00:36:54 V/Net 1657663326: Send: Heartbeat.Alive[0m
[0m2021-04-10 00:36:54 V/Net 1657663326: Recv: Heartbeat.Alive.Response[0m
[0m2021-04-10 00:37:54 V/Net 1657663326: Send: Heartbeat.Alive[0m
[0m2021-04-10 00:37:54 V/Net 1657663326: Recv: Heartbeat.Alive.Response[0m
[0m2021-04-10 00:38:54 V/Net 1657663326: Send: Heartbeat.Alive[0m
[0m2021-04-10 00:38:54 V/Net 1657663326: Recv: Heartbeat.Alive.Response[0m
[0m2021-04-10 00:39:54 V/Net 1657663326: Send: Heartbeat.Alive[0m
[0m2021-04-10 00:39:54 V/Net 1657663326: Recv: Heartbeat.Alive.Response[0m
[0m2021-04-10 00:40:54 V/Net 1657663326: Send: Heartbeat.Alive[0m
[0m2021-04-10 00:40:54 V/Net 1657663326: Recv: Heartbeat.Alive.Response[0m
[0m2021-04-10 00:41:15 V/Net 1657663326: Send: StatSvc.SimpleGet[0m
[0m2021-04-10 00:41:15 V/Net 1657663326: Recv: Response(SimpleGet.Response)[0m
[0m2021-04-10 00:41:54 V/Net 1657663326: Send: Heartbeat.Alive[0m
[0m2021-04-10 00:41:54 V/Net 1657663326: Recv: Heartbeat.Alive.Response[0m
[0m2021-04-10 00:42:54 V/Net 1657663326: Send: Heartbeat.Alive[0m
[0m2021-04-10 00:42:54 V/Net 1657663326: Recv: Heartbeat.Alive.Response[0m
[0m2021-04-10 00:43:54 V/Net 1657663326: Send: Heartbeat.Alive[0m
[0m2021-04-10 00:43:54 V/Net 1657663326: Recv: Heartbeat.Alive.Response[0m
[0m2021-04-10 00:44:54 V/Net 1657663326: Send: Heartbeat.Alive[0m
[0m2021-04-10 00:44:54 V/Net 1657663326: Recv: Heartbeat.Alive.Response[0m
[0m2021-04-10 00:45:45 V/Net 1657663326: Send: StatSvc.SimpleGet[0m
[0m2021-04-10 00:45:45 V/Net 1657663326: Recv: Response(SimpleGet.Response)[0m
[0m2021-04-10 00:45:54 V/Net 1657663326: Send: Heartbeat.Alive[0m
[0m2021-04-10 00:45:54 V/Net 1657663326: Recv: Heartbeat.Alive.Response[0m
[0m2021-04-10 00:46:54 V/Net 1657663326: Send: Heartbeat.Alive[0m
[0m2021-04-10 00:46:54 V/Net 1657663326: Recv: Heartbeat.Alive.Response[0m
[0m2021-04-10 00:47:54 V/Net 1657663326: Send: Heartbeat.Alive[0m
[0m2021-04-10 00:47:55 V/Net 1657663326: Recv: Heartbeat.Alive.Response[0m
[0m2021-04-10 00:48:55 V/Net 1657663326: Send: Heartbeat.Alive[0m
[0m2021-04-10 00:48:55 V/Net 1657663326: Recv: Heartbeat.Alive.Response[0m
[0m2021-04-10 00:49:55 V/Net 1657663326: Send: Heartbeat.Alive[0m
[0m2021-04-10 00:49:55 V/Net 1657663326: Recv: Heartbeat.Alive.Response[0m
[0m2021-04-10 00:50:15 V/Net 1657663326: Send: StatSvc.SimpleGet[0m
[0m2021-04-10 00:50:15 V/Net 1657663326: Recv: Response(SimpleGet.Response)[0m
[0m2021-04-10 00:50:55 V/Net 1657663326: Send: Heartbeat.Alive[0m
[0m2021-04-10 00:50:55 V/Net 1657663326: Recv: Heartbeat.Alive.Response[0m
[0m2021-04-10 00:51:55 V/Net 1657663326: Send: Heartbeat.Alive[0m
[0m2021-04-10 00:51:55 V/Net 1657663326: Recv: Heartbeat.Alive.Response[0m
[0m2021-04-10 00:52:55 V/Net 1657663326: Send: Heartbeat.Alive[0m
[0m2021-04-10 00:52:55 V/Net 1657663326: Recv: Heartbeat.Alive.Response[0m
[0m2021-04-10 00:53:55 V/Net 1657663326: Send: Heartbeat.Alive[0m
[0m2021-04-10 00:53:55 V/Net 1657663326: Recv: Heartbeat.Alive.Response[0m
[0m2021-04-10 00:54:45 V/Net 1657663326: Send: StatSvc.SimpleGet[0m
[0m2021-04-10 00:54:45 V/Net 1657663326: Recv: Response(SimpleGet.Response)[0m
[0m2021-04-10 00:54:55 V/Net 1657663326: Send: Heartbeat.Alive[0m
[0m2021-04-10 00:54:55 V/Net 1657663326: Recv: Heartbeat.Alive.Response[0m
[0m2021-04-10 00:55:55 V/Net 1657663326: Send: Heartbeat.Alive[0m
[0m2021-04-10 00:55:55 V/Net 1657663326: Recv: Heartbeat.Alive.Response[0m
[0m2021-04-10 00:56:55 V/Net 1657663326: Send: Heartbeat.Alive[0m
[0m2021-04-10 00:56:55 V/Net 1657663326: Recv: Heartbeat.Alive.Response[0m
[0m2021-04-10 00:57:55 V/Net 1657663326: Send: Heartbeat.Alive[0m
[0m2021-04-10 00:57:55 V/Net 1657663326: Recv: Heartbeat.Alive.Response[0m
[0m2021-04-10 00:58:55 V/Net 1657663326: Send: Heartbeat.Alive[0m
[0m2021-04-10 00:58:55 V/Net 1657663326: Recv: Heartbeat.Alive.Response[0m
[0m2021-04-10 00:59:15 V/Net 1657663326: Send: StatSvc.SimpleGet[0m
[0m2021-04-10 00:59:15 V/Net 1657663326: Recv: Response(SimpleGet.Response)[0m
[0m2021-04-10 00:59:55 V/Net 1657663326: Send: Heartbeat.Alive[0m
[0m2021-04-10 00:59:55 V/Net 1657663326: Recv: Heartbeat.Alive.Response[0m
[0m2021-04-10 01:00:48 V/Net 1657663326: Send: StatSvc.register[0m
