[0m2021-04-09 20:51:41 V/Net 1657663326: Loading BdhSession from cache file[0m
[0m2021-04-09 20:51:41 V/Net 1657663326: Loading server list from cache.[0m
[92m2021-04-09 20:51:41 I/Net 1657663326: Connected to server msfwifi.3g.qq.com:8080[0m
[0m2021-04-09 20:51:42 V/Net 1657663326: Send: wtlogin.login[0m
[0m2021-04-09 20:51:42 V/Net 1657663326: Recv: LoginPacketResponse.Success[0m
[92m2021-04-09 20:51:42 I/Net 1657663326: Login successful[0m
[0m2021-04-09 20:51:42 V/Net 1657663326: Send: StatSvc.register[0m
[0m2021-04-09 20:51:42 V/Net 1657663326: Recv: Response(StatSvc.register)[0m
[0m2021-04-09 20:51:42 V/Net 1657663326: Send: StatSvc.register[0m
[0m2021-04-09 20:51:42 V/Net 1657663326: Recv: Response(StatSvc.register)[0m
[92m2021-04-09 20:51:42 I/Net 1657663326: Awaiting ConfigPushSvc.PushReq.[0m
[92m2021-04-09 20:51:42 I/Net 1657663326: Syncing friend message history...[0m
[92m2021-04-09 20:51:42 I/Net 1657663326: Start loading friend list...[0m
[92m2021-04-09 20:51:42 I/Net 1657663326: Start loading stranger list...[0m
[0m2021-04-09 20:51:42 V/Net 1657663326: Send: MessageSvc.PbGetMsg[0m
[0m2021-04-09 20:51:42 V/Net 1657663326: Send: MessageSvc.PbDeleteMsg[0m
[0m2021-04-09 20:51:42 V/Net 1657663326: Send: StatSvc.GetDevLoginInfo[0m
[0m2021-04-09 20:51:42 V/Net 1657663326: Recv: StatSvc.GetDevLoginInfo.Response(deviceList.size=1)[0m
[0m2021-04-09 20:51:42 V/Net 1657663326: Send: friendlist.getFriendGroupList[0m
[0m2021-04-09 20:51:42 V/Net 1657663326: Recv: FriendList.GetFriendGroupList.Response[0m
[0m2021-04-09 20:51:42 V/Net 1657663326: Loading friend list: 6/6[0m
[92m2021-04-09 20:51:42 I/Net 1657663326: Successfully loaded friend list: 6 in total[0m
[0m2021-04-09 20:51:42 V/Net 1657663326: Send: OidbSvc.0x496[0m
[0m2021-04-09 20:51:43 V/Net 1657663326: Recv: TroopManagement.GetTroopConfig.Response(true)[0m
[92m2021-04-09 20:51:43 I/Net 1657663326: Start loading group list...[0m
[0m2021-04-09 20:51:43 V/Net 1657663326: Send: OidbSvc.0x5d2_0[0m
[0m2021-04-09 20:51:43 V/Net 1657663326: Recv: StrangerList.GetStrangerList.Response(result=0)[0m
[92m2021-04-09 20:51:43 I/Net 1657663326: Successfully loaded stranger list: 0 in total[0m
[0m2021-04-09 20:51:43 V/Net 1657663326: Send: MessageSvc.PbGetMsg[0m
[0m2021-04-09 20:51:43 V/Net 1657663326: Send: MessageSvc.PbDeleteMsg[0m
[0m2021-04-09 20:51:43 V/Net 1657663326: Send: friendlist.GetTroopListReqV2[0m
[92m2021-04-09 20:51:43 I/Net 1657663326: Syncing friend message history: Success.[0m
[0m2021-04-09 20:51:43 V/Net 1657663326: Recv: FriendList.GetFriendGroupList.Response[0m
[0m2021-04-09 20:51:43 V/Net 1657663326: Send: friendlist.GetTroopMemberListReq[0m
[0m2021-04-09 20:51:43 V/Net 1657663326: Recv: FriendList.GetTroopMemberList.Response[0m
[0m2021-04-09 20:51:43 V/Net 1657663326: Send: friendlist.GetTroopMemberListReq[0m
[0m2021-04-09 20:51:43 V/Net 1657663326: Recv: FriendList.GetTroopMemberList.Response[0m
[0m2021-04-09 20:51:43 V/Net 1657663326: Send: friendlist.GetTroopMemberListReq[0m
[0m2021-04-09 20:51:44 V/Net 1657663326: Recv: FriendList.GetTroopMemberList.Response[0m
[0m2021-04-09 20:51:44 V/Net 1657663326: Send: friendlist.GetTroopMemberListReq[0m
[0m2021-04-09 20:51:44 V/Net 1657663326: Recv: FriendList.GetTroopMemberList.Response[0m
[0m2021-04-09 20:51:44 V/Net 1657663326: Send: friendlist.GetTroopMemberListReq[0m
[0m2021-04-09 20:51:44 V/Net 1657663326: Recv: FriendList.GetTroopMemberList.Response[0m
[0m2021-04-09 20:51:44 V/Net 1657663326: Send: friendlist.GetTroopMemberListReq[0m
[0m2021-04-09 20:51:44 V/Net 1657663326: Recv: FriendList.GetTroopMemberList.Response[0m
[0m2021-04-09 20:51:44 V/Net 1657663326: Send: friendlist.GetTroopMemberListReq[0m
[0m2021-04-09 20:51:44 V/Net 1657663326: Recv: FriendList.GetTroopMemberList.Response[0m
[0m2021-04-09 20:51:44 V/Net 1657663326: Send: friendlist.GetTroopMemberListReq[0m
[0m2021-04-09 20:51:45 V/Net 1657663326: Recv: FriendList.GetTroopMemberList.Response[0m
[0m2021-04-09 20:51:45 V/Net 1657663326: Send: friendlist.GetTroopMemberListReq[0m
[0m2021-04-09 20:51:45 V/Net 1657663326: Recv: FriendList.GetTroopMemberList.Response[0m
[0m2021-04-09 20:51:45 V/Net 1657663326: Send: friendlist.GetTroopMemberListReq[0m
[0m2021-04-09 20:51:45 V/Net 1657663326: Recv: ConfigPushSvc.PushReq.PushReqResponse.ServerListPush[0m
[92m2021-04-09 20:51:45 I/Net 1657663326: Server list updated.[0m
[92m2021-04-09 20:51:45 I/Net 1657663326: Server list: 111.30.181.202:443, 36.155.229.198:443, 120.232.18.126:8080, 111.30.179.179:80, 36.155.228.220:14000, 120.232.19.196:443, 111.30.181.249:80, 36.155.240.38:80, msfwifi.3g.qq.com:8080, 111.30.169.93:80.[0m
[0m2021-04-09 20:51:45 V/Net 1657663326: Saving bdh session to cache[0m
[0m2021-04-09 20:51:45 V/Net 1657663326: Saving server list to cache[0m
[0m2021-04-09 20:51:45 V/Net 1657663326: Send: ConfigPushSvc.PushResp[0m
[92m2021-04-09 20:51:45 I/Net 1657663326: ConfigPushSvc.PushReq: Server updated.[0m
[96m2021-04-09 20:51:45 D/Net 1657663326: Received unknown commandName: ConfigPushSvc.PushDomain[0m
[0m2021-04-09 20:51:45 V/Net 1657663326: Recv: ConfigPushSvc.PushReq.PushReqResponse.ConfigPush[0m
[0m2021-04-09 20:51:45 V/Net 1657663326: Saving bdh session to cache[0m
[0m2021-04-09 20:51:45 V/Net 1657663326: Send: ConfigPushSvc.PushResp[0m
[0m2021-04-09 20:51:45 V/Net 1657663326: Recv: FriendList.GetTroopMemberList.Response[0m
[0m2021-04-09 20:51:45 V/Net 1657663326: Send: friendlist.GetTroopMemberListReq[0m
[0m2021-04-09 20:51:45 V/Net 1657663326: Recv: FriendList.GetTroopMemberList.Response[0m
[0m2021-04-09 20:51:45 V/Net 1657663326: Send: friendlist.GetTroopMemberListReq[0m
[0m2021-04-09 20:51:46 V/Net 1657663326: Recv: FriendList.GetTroopMemberList.Response[0m
[0m2021-04-09 20:51:46 V/Net 1657663326: Send: friendlist.GetTroopMemberListReq[0m
[0m2021-04-09 20:51:46 V/Net 1657663326: Recv: FriendList.GetTroopMemberList.Response[0m
[0m2021-04-09 20:51:46 V/Net 1657663326: Send: friendlist.GetTroopMemberListReq[0m
[0m2021-04-09 20:51:46 V/Net 1657663326: Recv: FriendList.GetTroopMemberList.Response[0m
[0m2021-04-09 20:51:46 V/Net 1657663326: Send: friendlist.GetTroopMemberListReq[0m
[0m2021-04-09 20:51:47 V/Net 1657663326: Recv: FriendList.GetTroopMemberList.Response[0m
[0m2021-04-09 20:51:47 V/Net 1657663326: Send: friendlist.GetTroopMemberListReq[0m
[0m2021-04-09 20:51:47 V/Net 1657663326: Recv: FriendList.GetTroopMemberList.Response[0m
[0m2021-04-09 20:51:47 V/Net 1657663326: Send: friendlist.GetTroopMemberListReq[0m
[0m2021-04-09 20:51:47 V/Net 1657663326: Recv: FriendList.GetTroopMemberList.Response[0m
[0m2021-04-09 20:51:47 V/Net 1657663326: Send: friendlist.GetTroopMemberListReq[0m
[0m2021-04-09 20:51:47 V/Net 1657663326: Recv: FriendList.GetTroopMemberList.Response[0m
[0m2021-04-09 20:51:47 V/Net 1657663326: Send: friendlist.GetTroopMemberListReq[0m
[0m2021-04-09 20:51:47 V/Net 1657663326: Recv: FriendList.GetTroopMemberList.Response[0m
[0m2021-04-09 20:51:47 V/Net 1657663326: Send: friendlist.GetTroopMemberListReq[0m
[0m2021-04-09 20:51:48 V/Net 1657663326: Recv: FriendList.GetTroopMemberList.Response[0m
[0m2021-04-09 20:51:48 V/Net 1657663326: Send: friendlist.GetTroopMemberListReq[0m
[0m2021-04-09 20:51:48 V/Net 1657663326: Recv: FriendList.GetTroopMemberList.Response[0m
[92m2021-04-09 20:51:48 I/Net 1657663326: Successfully loaded group list: 10 in total.[0m
[92m2021-04-09 20:51:48 I/Net 1657663326: Scheduled refresh login session in 19d 23h 55min 0.0s.[0m
[92m2021-04-09 20:51:48 I/Net 1657663326: Scheduled key refresh in 23h 55min 0.0s.[0m
[0m2021-04-09 20:52:42 V/Net 1657663326: Send: Heartbeat.Alive[0m
[0m2021-04-09 20:52:42 V/Net 1657663326: Recv: Heartbeat.Alive.Response[0m
[0m2021-04-09 20:53:42 V/Net 1657663326: Send: Heartbeat.Alive[0m
[0m2021-04-09 20:53:42 V/Net 1657663326: Recv: Heartbeat.Alive.Response[0m
[0m2021-04-09 20:54:42 V/Net 1657663326: Send: Heartbeat.Alive[0m
[0m2021-04-09 20:54:42 V/Net 1657663326: Recv: Heartbeat.Alive.Response[0m
[0m2021-04-09 20:55:04 V/Net 1657663326: Send: MessageSvc.PbSendMsg[0m
[0m2021-04-09 20:55:04 V/Net 1657663326: Recv: MessageSvcPbSendMsg.Response.SUCCESS[0m
[0m2021-04-09 20:55:09 V/Net 1657663326: Send: OnlinePush.RespPush[0m
[0m2021-04-09 20:55:12 V/Net 1657663326: Send: MessageSvc.PbSendMsg[0m
[0m2021-04-09 20:55:12 V/Net 1657663326: Recv: MessageSvcPbSendMsg.Response.SUCCESS[0m
[0m2021-04-09 20:55:18 V/Net 1657663326: Send: OnlinePush.RespPush[0m
[0m2021-04-09 20:55:26 V/Net 1657663326: Send: MessageSvc.PbSendMsg[0m
[0m2021-04-09 20:55:26 V/Net 1657663326: Recv: MessageSvcPbSendMsg.Response.SUCCESS[0m
[0m2021-04-09 20:55:42 V/Net 1657663326: Send: Heartbeat.Alive[0m
[0m2021-04-09 20:55:42 V/Net 1657663326: Recv: Heartbeat.Alive.Response[0m
[0m2021-04-09 20:56:12 V/Net 1657663326: Send: StatSvc.SimpleGet[0m
[0m2021-04-09 20:56:12 V/Net 1657663326: Recv: Response(SimpleGet.Response)[0m
[0m2021-04-09 20:56:42 V/Net 1657663326: Send: Heartbeat.Alive[0m
[0m2021-04-09 20:56:42 V/Net 1657663326: Recv: Heartbeat.Alive.Response[0m
[0m2021-04-09 20:57:42 V/Net 1657663326: Send: Heartbeat.Alive[0m
[0m2021-04-09 20:57:42 V/Net 1657663326: Recv: Heartbeat.Alive.Response[0m
[0m2021-04-09 20:58:42 V/Net 1657663326: Send: Heartbeat.Alive[0m
[0m2021-04-09 20:58:42 V/Net 1657663326: Recv: Heartbeat.Alive.Response[0m
[0m2021-04-09 20:59:42 V/Net 1657663326: Send: Heartbeat.Alive[0m
[0m2021-04-09 20:59:43 V/Net 1657663326: Recv: Heartbeat.Alive.Response[0m
[0m2021-04-09 21:00:42 V/Net 1657663326: Send: StatSvc.SimpleGet[0m
[0m2021-04-09 21:00:42 V/Net 1657663326: Recv: Response(SimpleGet.Response)[0m
[0m2021-04-09 21:00:43 V/Net 1657663326: Send: Heartbeat.Alive[0m
[0m2021-04-09 21:00:43 V/Net 1657663326: Recv: Heartbeat.Alive.Response[0m
[0m2021-04-09 21:01:43 V/Net 1657663326: Send: Heartbeat.Alive[0m
[0m2021-04-09 21:01:43 V/Net 1657663326: Recv: Heartbeat.Alive.Response[0m
[0m2021-04-09 21:02:43 V/Net 1657663326: Send: Heartbeat.Alive[0m
[0m2021-04-09 21:02:43 V/Net 1657663326: Recv: Heartbeat.Alive.Response[0m
[0m2021-04-09 21:03:43 V/Net 1657663326: Send: Heartbeat.Alive[0m
[0m2021-04-09 21:03:43 V/Net 1657663326: Recv: Heartbeat.Alive.Response[0m
[0m2021-04-09 21:04:43 V/Net 1657663326: Send: Heartbeat.Alive[0m
[0m2021-04-09 21:04:43 V/Net 1657663326: Recv: Heartbeat.Alive.Response[0m
[0m2021-04-09 21:05:12 V/Net 1657663326: Send: StatSvc.SimpleGet[0m
[0m2021-04-09 21:05:12 V/Net 1657663326: Recv: Response(SimpleGet.Response)[0m
[0m2021-04-09 21:05:43 V/Net 1657663326: Send: Heartbeat.Alive[0m
[0m2021-04-09 21:05:43 V/Net 1657663326: Recv: Heartbeat.Alive.Response[0m
[0m2021-04-09 21:06:43 V/Net 1657663326: Send: Heartbeat.Alive[0m
[0m2021-04-09 21:06:43 V/Net 1657663326: Recv: Heartbeat.Alive.Response[0m
[0m2021-04-09 21:07:43 V/Net 1657663326: Send: Heartbeat.Alive[0m
[0m2021-04-09 21:07:43 V/Net 1657663326: Recv: Heartbeat.Alive.Response[0m
[0m2021-04-09 21:08:43 V/Net 1657663326: Send: Heartbeat.Alive[0m
[0m2021-04-09 21:08:43 V/Net 1657663326: Recv: Heartbeat.Alive.Response[0m
[0m2021-04-09 21:09:42 V/Net 1657663326: Send: StatSvc.SimpleGet[0m
[0m2021-04-09 21:09:42 V/Net 1657663326: Recv: Response(SimpleGet.Response)[0m
[0m2021-04-09 21:09:43 V/Net 1657663326: Send: Heartbeat.Alive[0m
[0m2021-04-09 21:09:43 V/Net 1657663326: Recv: Heartbeat.Alive.Response[0m
[0m2021-04-09 21:10:35 V/Net 1657663326: Send: ImgStore.GroupPicUp[0m
[0m2021-04-09 21:10:36 V/Net 1657663326: Recv: FileExists(fileId=2898438558, fileInfo=ImgInfo(fileMd5=[-48, -50, -48, -79, 16, -29, -23, -97, 71, -127, 41, 12, -8, -120, -49, 104], fileType=2001, fileSize=1474490, fileWidth=0, fileHeight=0))[0m
[0m2021-04-09 21:10:36 V/Net 1657663326: Send: MessageSvc.PbSendMsg[0m
[0m2021-04-09 21:10:36 V/Net 1657663326: Recv: MessageSvcPbSendMsg.Response.SUCCESS[0m
[0m2021-04-09 21:10:43 V/Net 1657663326: Send: Heartbeat.Alive[0m
[0m2021-04-09 21:10:43 V/Net 1657663326: Recv: Heartbeat.Alive.Response[0m
[0m2021-04-09 21:11:43 V/Net 1657663326: Send: Heartbeat.Alive[0m
[0m2021-04-09 21:11:43 V/Net 1657663326: Recv: Heartbeat.Alive.Response[0m
[0m2021-04-09 21:12:43 V/Net 1657663326: Send: Heartbeat.Alive[0m
[0m2021-04-09 21:12:43 V/Net 1657663326: Recv: Heartbeat.Alive.Response[0m
[0m2021-04-09 21:12:47 V/Net 1657663326: Send: ImgStore.GroupPicUp[0m
[0m2021-04-09 21:12:47 V/Net 1657663326: Recv: FileExists(fileId=3156812656, fileInfo=ImgInfo(fileMd5=[-48, -50, -48, -79, 16, -29, -23, -97, 71, -127, 41, 12, -8, -120, -49, 104], fileType=2001, fileSize=1474490, fileWidth=0, fileHeight=0))[0m
[0m2021-04-09 21:12:47 V/Net 1657663326: Send: MessageSvc.PbSendMsg[0m
[0m2021-04-09 21:12:47 V/Net 1657663326: Recv: MessageSvcPbSendMsg.Response.SUCCESS[0m
[0m2021-04-09 21:13:24 V/Net 1657663326: Send: MessageSvc.PbSendMsg[0m
[0m2021-04-09 21:13:24 V/Net 1657663326: Recv: MessageSvcPbSendMsg.Response.SUCCESS[0m
[0m2021-04-09 21:13:43 V/Net 1657663326: Send: Heartbeat.Alive[0m
[0m2021-04-09 21:13:43 V/Net 1657663326: Recv: Heartbeat.Alive.Response[0m
[0m2021-04-09 21:14:12 V/Net 1657663326: Send: StatSvc.SimpleGet[0m
[0m2021-04-09 21:14:12 V/Net 1657663326: Recv: Response(SimpleGet.Response)[0m
[0m2021-04-09 21:14:43 V/Net 1657663326: Send: Heartbeat.Alive[0m
[0m2021-04-09 21:14:43 V/Net 1657663326: Recv: Heartbeat.Alive.Response[0m
[0m2021-04-09 21:15:43 V/Net 1657663326: Send: Heartbeat.Alive[0m
[0m2021-04-09 21:15:43 V/Net 1657663326: Recv: Heartbeat.Alive.Response[0m
[0m2021-04-09 21:16:43 V/Net 1657663326: Send: Heartbeat.Alive[0m
[0m2021-04-09 21:16:43 V/Net 1657663326: Recv: Heartbeat.Alive.Response[0m
[0m2021-04-09 21:17:43 V/Net 1657663326: Send: Heartbeat.Alive[0m
[0m2021-04-09 21:17:43 V/Net 1657663326: Recv: Heartbeat.Alive.Response[0m
[0m2021-04-09 21:18:42 V/Net 1657663326: Send: StatSvc.SimpleGet[0m
[0m2021-04-09 21:18:42 V/Net 1657663326: Recv: Response(SimpleGet.Response)[0m
[0m2021-04-09 21:18:43 V/Net 1657663326: Send: Heartbeat.Alive[0m
[0m2021-04-09 21:18:43 V/Net 1657663326: Recv: Heartbeat.Alive.Response[0m
[0m2021-04-09 21:19:43 V/Net 1657663326: Send: Heartbeat.Alive[0m
[0m2021-04-09 21:19:43 V/Net 1657663326: Recv: Heartbeat.Alive.Response[0m
[0m2021-04-09 21:20:43 V/Net 1657663326: Send: Heartbeat.Alive[0m
[0m2021-04-09 21:20:43 V/Net 1657663326: Recv: Heartbeat.Alive.Response[0m
[0m2021-04-09 21:21:43 V/Net 1657663326: Send: Heartbeat.Alive[0m
[0m2021-04-09 21:21:44 V/Net 1657663326: Recv: Heartbeat.Alive.Response[0m
[0m2021-04-09 21:22:44 V/Net 1657663326: Send: Heartbeat.Alive[0m
[0m2021-04-09 21:22:44 V/Net 1657663326: Recv: Heartbeat.Alive.Response[0m
[0m2021-04-09 21:23:12 V/Net 1657663326: Send: StatSvc.SimpleGet[0m
[0m2021-04-09 21:23:12 V/Net 1657663326: Recv: Response(SimpleGet.Response)[0m
[0m2021-04-09 21:23:44 V/Net 1657663326: Send: Heartbeat.Alive[0m
[0m2021-04-09 21:23:44 V/Net 1657663326: Recv: Heartbeat.Alive.Response[0m
[0m2021-04-09 21:24:44 V/Net 1657663326: Send: Heartbeat.Alive[0m
[0m2021-04-09 21:24:44 V/Net 1657663326: Recv: Heartbeat.Alive.Response[0m
[0m2021-04-09 21:25:44 V/Net 1657663326: Send: Heartbeat.Alive[0m
[0m2021-04-09 21:25:44 V/Net 1657663326: Recv: Heartbeat.Alive.Response[0m
[0m2021-04-09 21:26:44 V/Net 1657663326: Send: Heartbeat.Alive[0m
[0m2021-04-09 21:26:44 V/Net 1657663326: Recv: Heartbeat.Alive.Response[0m
[0m2021-04-09 21:27:42 V/Net 1657663326: Send: StatSvc.SimpleGet[0m
[0m2021-04-09 21:27:42 V/Net 1657663326: Recv: Response(SimpleGet.Response)[0m
[0m2021-04-09 21:27:44 V/Net 1657663326: Send: Heartbeat.Alive[0m
[0m2021-04-09 21:27:44 V/Net 1657663326: Recv: Heartbeat.Alive.Response[0m
[0m2021-04-09 21:28:44 V/Net 1657663326: Send: Heartbeat.Alive[0m
[0m2021-04-09 21:28:44 V/Net 1657663326: Recv: Heartbeat.Alive.Response[0m
[0m2021-04-09 21:29:44 V/Net 1657663326: Send: Heartbeat.Alive[0m
[0m2021-04-09 21:29:44 V/Net 1657663326: Recv: Heartbeat.Alive.Response[0m
[0m2021-04-09 21:30:44 V/Net 1657663326: Send: Heartbeat.Alive[0m
[0m2021-04-09 21:30:44 V/Net 1657663326: Recv: Heartbeat.Alive.Response[0m
[0m2021-04-09 21:31:44 V/Net 1657663326: Send: Heartbeat.Alive[0m
[0m2021-04-09 21:31:44 V/Net 1657663326: Recv: Heartbeat.Alive.Response[0m
[0m2021-04-09 21:32:12 V/Net 1657663326: Send: StatSvc.SimpleGet[0m
[0m2021-04-09 21:32:13 V/Net 1657663326: Recv: Response(SimpleGet.Response)[0m
[0m2021-04-09 21:32:44 V/Net 1657663326: Send: Heartbeat.Alive[0m
[0m2021-04-09 21:32:44 V/Net 1657663326: Recv: Heartbeat.Alive.Response[0m
[0m2021-04-09 21:33:44 V/Net 1657663326: Send: Heartbeat.Alive[0m
[0m2021-04-09 21:33:44 V/Net 1657663326: Recv: Heartbeat.Alive.Response[0m
[0m2021-04-09 21:34:44 V/Net 1657663326: Send: Heartbeat.Alive[0m
[0m2021-04-09 21:34:44 V/Net 1657663326: Recv: Heartbeat.Alive.Response[0m
[0m2021-04-09 21:35:44 V/Net 1657663326: Send: Heartbeat.Alive[0m
[0m2021-04-09 21:35:44 V/Net 1657663326: Recv: Heartbeat.Alive.Response[0m
[0m2021-04-09 21:36:29 V/Net 1657663326: Send: MessageSvc.PbSendMsg[0m
[0m2021-04-09 21:36:29 V/Net 1657663326: Recv: MessageSvcPbSendMsg.Response.SUCCESS[0m
[0m2021-04-09 21:36:43 V/Net 1657663326: Send: StatSvc.SimpleGet[0m
[0m2021-04-09 21:36:43 V/Net 1657663326: Recv: Response(SimpleGet.Response)[0m
[0m2021-04-09 21:36:44 V/Net 1657663326: Send: Heartbeat.Alive[0m
[0m2021-04-09 21:36:44 V/Net 1657663326: Recv: Heartbeat.Alive.Response[0m
[0m2021-04-09 21:37:44 V/Net 1657663326: Send: Heartbeat.Alive[0m
[0m2021-04-09 21:37:44 V/Net 1657663326: Recv: Heartbeat.Alive.Response[0m
[0m2021-04-09 21:38:44 V/Net 1657663326: Send: Heartbeat.Alive[0m
[0m2021-04-09 21:38:45 V/Net 1657663326: Recv: Heartbeat.Alive.Response[0m
[0m2021-04-09 21:39:45 V/Net 1657663326: Send: Heartbeat.Alive[0m
[0m2021-04-09 21:39:45 V/Net 1657663326: Recv: Heartbeat.Alive.Response[0m
[0m2021-04-09 21:40:45 V/Net 1657663326: Send: Heartbeat.Alive[0m
[0m2021-04-09 21:40:45 V/Net 1657663326: Recv: Heartbeat.Alive.Response[0m
[0m2021-04-09 21:41:13 V/Net 1657663326: Send: StatSvc.SimpleGet[0m
[0m2021-04-09 21:41:13 V/Net 1657663326: Recv: Response(SimpleGet.Response)[0m
[0m2021-04-09 21:41:45 V/Net 1657663326: Send: Heartbeat.Alive[0m
[0m2021-04-09 21:41:45 V/Net 1657663326: Recv: Heartbeat.Alive.Response[0m
[0m2021-04-09 21:42:45 V/Net 1657663326: Send: Heartbeat.Alive[0m
[0m2021-04-09 21:42:45 V/Net 1657663326: Recv: Heartbeat.Alive.Response[0m
[0m2021-04-09 21:43:45 V/Net 1657663326: Send: Heartbeat.Alive[0m
[0m2021-04-09 21:43:45 V/Net 1657663326: Recv: Heartbeat.Alive.Response[0m
[0m2021-04-09 21:44:45 V/Net 1657663326: Send: Heartbeat.Alive[0m
[0m2021-04-09 21:44:45 V/Net 1657663326: Recv: Heartbeat.Alive.Response[0m
[0m2021-04-09 21:45:43 V/Net 1657663326: Send: StatSvc.SimpleGet[0m
[0m2021-04-09 21:45:43 V/Net 1657663326: Recv: Response(SimpleGet.Response)[0m
[0m2021-04-09 21:45:45 V/Net 1657663326: Send: Heartbeat.Alive[0m
[0m2021-04-09 21:45:45 V/Net 1657663326: Recv: Heartbeat.Alive.Response[0m
[0m2021-04-09 21:45:45 V/Net 1657663326: Send: MessageSvc.PbSendMsg[0m
[0m2021-04-09 21:45:45 V/Net 1657663326: Recv: MessageSvcPbSendMsg.Response.SUCCESS[0m
[0m2021-04-09 21:46:37 V/Net 1657663326: Send: MessageSvc.PbSendMsg[0m
[0m2021-04-09 21:46:37 V/Net 1657663326: Recv: MessageSvcPbSendMsg.Response.SUCCESS[0m
[0m2021-04-09 21:46:45 V/Net 1657663326: Send: Heartbeat.Alive[0m
[0m2021-04-09 21:46:45 V/Net 1657663326: Recv: Heartbeat.Alive.Response[0m
[0m2021-04-09 21:47:45 V/Net 1657663326: Send: Heartbeat.Alive[0m
[0m2021-04-09 21:47:45 V/Net 1657663326: Recv: Heartbeat.Alive.Response[0m
[0m2021-04-09 21:48:45 V/Net 1657663326: Send: Heartbeat.Alive[0m
[0m2021-04-09 21:48:45 V/Net 1657663326: Recv: Heartbeat.Alive.Response[0m
[0m2021-04-09 21:49:45 V/Net 1657663326: Send: Heartbeat.Alive[0m
[0m2021-04-09 21:49:45 V/Net 1657663326: Recv: Heartbeat.Alive.Response[0m
[0m2021-04-09 21:50:13 V/Net 1657663326: Send: StatSvc.SimpleGet[0m
[0m2021-04-09 21:50:13 V/Net 1657663326: Recv: Response(SimpleGet.Response)[0m
[0m2021-04-09 21:50:45 V/Net 1657663326: Send: Heartbeat.Alive[0m
[0m2021-04-09 21:50:45 V/Net 1657663326: Recv: Heartbeat.Alive.Response[0m
[0m2021-04-09 21:51:45 V/Net 1657663326: Send: Heartbeat.Alive[0m
[0m2021-04-09 21:51:45 V/Net 1657663326: Recv: Heartbeat.Alive.Response[0m
[0m2021-04-09 21:52:45 V/Net 1657663326: Send: Heartbeat.Alive[0m
[0m2021-04-09 21:52:45 V/Net 1657663326: Recv: Heartbeat.Alive.Response[0m
[0m2021-04-09 21:53:45 V/Net 1657663326: Send: Heartbeat.Alive[0m
[0m2021-04-09 21:53:45 V/Net 1657663326: Recv: Heartbeat.Alive.Response[0m
[0m2021-04-09 21:54:43 V/Net 1657663326: Send: StatSvc.SimpleGet[0m
[0m2021-04-09 21:54:43 V/Net 1657663326: Recv: Response(SimpleGet.Response)[0m
[0m2021-04-09 21:54:45 V/Net 1657663326: Send: Heartbeat.Alive[0m
[0m2021-04-09 21:54:46 V/Net 1657663326: Recv: Heartbeat.Alive.Response[0m
[0m2021-04-09 21:55:46 V/Net 1657663326: Send: Heartbeat.Alive[0m
[0m2021-04-09 21:55:46 V/Net 1657663326: Recv: Heartbeat.Alive.Response[0m
[0m2021-04-09 21:56:46 V/Net 1657663326: Send: Heartbeat.Alive[0m
[0m2021-04-09 21:56:46 V/Net 1657663326: Recv: Heartbeat.Alive.Response[0m
[0m2021-04-09 21:57:46 V/Net 1657663326: Send: Heartbeat.Alive[0m
[0m2021-04-09 21:57:46 V/Net 1657663326: Recv: Heartbeat.Alive.Response[0m
[0m2021-04-09 21:58:46 V/Net 1657663326: Send: Heartbeat.Alive[0m
[0m2021-04-09 21:58:46 V/Net 1657663326: Recv: Heartbeat.Alive.Response[0m
[0m2021-04-09 21:59:13 V/Net 1657663326: Send: StatSvc.SimpleGet[0m
[0m2021-04-09 21:59:13 V/Net 1657663326: Recv: Response(SimpleGet.Response)[0m
[0m2021-04-09 21:59:46 V/Net 1657663326: Send: Heartbeat.Alive[0m
[0m2021-04-09 21:59:46 V/Net 1657663326: Recv: Heartbeat.Alive.Response[0m
[0m2021-04-09 22:00:46 V/Net 1657663326: Send: Heartbeat.Alive[0m
[0m2021-04-09 22:00:46 V/Net 1657663326: Recv: Heartbeat.Alive.Response[0m
[0m2021-04-09 22:01:46 V/Net 1657663326: Send: Heartbeat.Alive[0m
[0m2021-04-09 22:01:46 V/Net 1657663326: Recv: Heartbeat.Alive.Response[0m
[0m2021-04-09 22:02:46 V/Net 1657663326: Send: Heartbeat.Alive[0m
[0m2021-04-09 22:02:46 V/Net 1657663326: Recv: Heartbeat.Alive.Response[0m
[0m2021-04-09 22:03:43 V/Net 1657663326: Send: StatSvc.SimpleGet[0m
[0m2021-04-09 22:03:43 V/Net 1657663326: Recv: Response(SimpleGet.Response)[0m
[0m2021-04-09 22:03:46 V/Net 1657663326: Send: Heartbeat.Alive[0m
[0m2021-04-09 22:03:46 V/Net 1657663326: Recv: Heartbeat.Alive.Response[0m
[0m2021-04-09 22:04:46 V/Net 1657663326: Send: Heartbeat.Alive[0m
[0m2021-04-09 22:04:46 V/Net 1657663326: Recv: Heartbeat.Alive.Response[0m
[0m2021-04-09 22:05:46 V/Net 1657663326: Send: Heartbeat.Alive[0m
[0m2021-04-09 22:05:46 V/Net 1657663326: Recv: Heartbeat.Alive.Response[0m
[0m2021-04-09 22:06:46 V/Net 1657663326: Send: Heartbeat.Alive[0m
[0m2021-04-09 22:06:46 V/Net 1657663326: Recv: Heartbeat.Alive.Response[0m
[0m2021-04-09 22:07:46 V/Net 1657663326: Send: Heartbeat.Alive[0m
[0m2021-04-09 22:07:46 V/Net 1657663326: Recv: Heartbeat.Alive.Response[0m
[0m2021-04-09 22:08:13 V/Net 1657663326: Send: StatSvc.SimpleGet[0m
[0m2021-04-09 22:08:13 V/Net 1657663326: Recv: Response(SimpleGet.Response)[0m
[0m2021-04-09 22:08:46 V/Net 1657663326: Send: Heartbeat.Alive[0m
[0m2021-04-09 22:08:46 V/Net 1657663326: Recv: Heartbeat.Alive.Response[0m
[0m2021-04-09 22:09:46 V/Net 1657663326: Send: Heartbeat.Alive[0m
[0m2021-04-09 22:09:46 V/Net 1657663326: Recv: Heartbeat.Alive.Response[0m
[0m2021-04-09 22:10:46 V/Net 1657663326: Send: Heartbeat.Alive[0m
[0m2021-04-09 22:10:46 V/Net 1657663326: Recv: Heartbeat.Alive.Response[0m
[0m2021-04-09 22:11:46 V/Net 1657663326: Send: Heartbeat.Alive[0m
[0m2021-04-09 22:11:46 V/Net 1657663326: Recv: Heartbeat.Alive.Response[0m
[0m2021-04-09 22:12:43 V/Net 1657663326: Send: StatSvc.SimpleGet[0m
[0m2021-04-09 22:12:43 V/Net 1657663326: Recv: Response(SimpleGet.Response)[0m
[0m2021-04-09 22:12:46 V/Net 1657663326: Send: Heartbeat.Alive[0m
[0m2021-04-09 22:12:46 V/Net 1657663326: Recv: Heartbeat.Alive.Response[0m
[0m2021-04-09 22:13:46 V/Net 1657663326: Send: Heartbeat.Alive[0m
[0m2021-04-09 22:13:46 V/Net 1657663326: Recv: Heartbeat.Alive.Response[0m
[0m2021-04-09 22:14:46 V/Net 1657663326: Send: Heartbeat.Alive[0m
[0m2021-04-09 22:14:47 V/Net 1657663326: Recv: Heartbeat.Alive.Response[0m
[0m2021-04-09 22:15:47 V/Net 1657663326: Send: Heartbeat.Alive[0m
[0m2021-04-09 22:15:47 V/Net 1657663326: Recv: Heartbeat.Alive.Response[0m
[0m2021-04-09 22:16:47 V/Net 1657663326: Send: Heartbeat.Alive[0m
[0m2021-04-09 22:16:47 V/Net 1657663326: Recv: Heartbeat.Alive.Response[0m
[0m2021-04-09 22:17:13 V/Net 1657663326: Send: StatSvc.SimpleGet[0m
[0m2021-04-09 22:17:13 V/Net 1657663326: Recv: Response(SimpleGet.Response)[0m
[0m2021-04-09 22:17:47 V/Net 1657663326: Send: Heartbeat.Alive[0m
[0m2021-04-09 22:17:47 V/Net 1657663326: Recv: Heartbeat.Alive.Response[0m
[0m2021-04-09 22:18:47 V/Net 1657663326: Send: Heartbeat.Alive[0m
[0m2021-04-09 22:18:47 V/Net 1657663326: Recv: Heartbeat.Alive.Response[0m
[0m2021-04-09 22:19:47 V/Net 1657663326: Send: Heartbeat.Alive[0m
[0m2021-04-09 22:19:47 V/Net 1657663326: Recv: Heartbeat.Alive.Response[0m
[0m2021-04-09 22:20:47 V/Net 1657663326: Send: Heartbeat.Alive[0m
[0m2021-04-09 22:20:47 V/Net 1657663326: Recv: Heartbeat.Alive.Response[0m
[0m2021-04-09 22:21:43 V/Net 1657663326: Send: StatSvc.SimpleGet[0m
[0m2021-04-09 22:21:43 V/Net 1657663326: Recv: Response(SimpleGet.Response)[0m
[0m2021-04-09 22:21:43 V/Net 1657663326: Recv: RequestPushNotify(uin=1657663326, ctype=1, strService=MessageSvc, strCmd=PushNotify, usMsgType=33, stMsgInfo=net.mamoe.mirai.internal.network.protocol.data.jce.MsgInfo@1c3046b)[0m
[0m2021-04-09 22:21:43 V/Net 1657663326: Send: MessageSvc.PbGetMsg[0m
[0m2021-04-09 22:21:44 V/Net 1657663326: Send: MessageSvc.PbDeleteMsg[0m
[0m2021-04-09 22:21:47 V/Net 1657663326: Send: Heartbeat.Alive[0m
[0m2021-04-09 22:21:47 V/Net 1657663326: Recv: Heartbeat.Alive.Response[0m
[0m2021-04-09 22:22:47 V/Net 1657663326: Send: Heartbeat.Alive[0m
[0m2021-04-09 22:22:47 V/Net 1657663326: Recv: Heartbeat.Alive.Response[0m
[0m2021-04-09 22:23:47 V/Net 1657663326: Send: Heartbeat.Alive[0m
[0m2021-04-09 22:23:47 V/Net 1657663326: Recv: Heartbeat.Alive.Response[0m
[0m2021-04-09 22:24:47 V/Net 1657663326: Send: Heartbeat.Alive[0m
[0m2021-04-09 22:24:47 V/Net 1657663326: Recv: Heartbeat.Alive.Response[0m
[0m2021-04-09 22:25:47 V/Net 1657663326: Send: Heartbeat.Alive[0m
[0m2021-04-09 22:25:47 V/Net 1657663326: Recv: Heartbeat.Alive.Response[0m
[0m2021-04-09 22:26:13 V/Net 1657663326: Send: StatSvc.SimpleGet[0m
[0m2021-04-09 22:26:13 V/Net 1657663326: Recv: Response(SimpleGet.Response)[0m
[0m2021-04-09 22:26:47 V/Net 1657663326: Send: Heartbeat.Alive[0m
[0m2021-04-09 22:26:47 V/Net 1657663326: Recv: Heartbeat.Alive.Response[0m
[0m2021-04-09 22:27:47 V/Net 1657663326: Send: Heartbeat.Alive[0m
[0m2021-04-09 22:27:47 V/Net 1657663326: Recv: Heartbeat.Alive.Response[0m
[0m2021-04-09 22:28:47 V/Net 1657663326: Send: Heartbeat.Alive[0m
[0m2021-04-09 22:28:48 V/Net 1657663326: Recv: Heartbeat.Alive.Response[0m
[0m2021-04-09 22:29:48 V/Net 1657663326: Send: Heartbeat.Alive[0m
[0m2021-04-09 22:29:48 V/Net 1657663326: Recv: Heartbeat.Alive.Response[0m
[0m2021-04-09 22:30:43 V/Net 1657663326: Send: StatSvc.SimpleGet[0m
[0m2021-04-09 22:30:43 V/Net 1657663326: Recv: Response(SimpleGet.Response)[0m
[0m2021-04-09 22:30:48 V/Net 1657663326: Send: Heartbeat.Alive[0m
[0m2021-04-09 22:30:48 V/Net 1657663326: Recv: Heartbeat.Alive.Response[0m
[96m2021-04-09 22:30:55 D/Net 1657663326: Unknown Transformers528 0x14 template
templId=1067
PermList=[TemplParam#477850591 {
            name=68 6F 6E 6F 72 5F 69 6D 67
            value=68 74 74 70 73 3A 2F 2F 71 7A 6F 6E 65 73 74 79 6C 65 2E 67 74 69 6D 67 2E 63 6E 2F 61 6F 69 2F 73 6F 6C 61 2F 32 30 32 30 30 32 31 33 31 35 30 34 32 32 5F 4B 43 51 69 77 42 56 6C 74 6E 2E 70 6E 67
    }, TemplParam#477850591 {
            name=68 6F 6E 6F 72 5F 6E 61 6D 65 5F 32
            value=E5 BF AB E4 B9 90 E6 BA 90 E6 B3 89
    }, TemplParam#477850591 {
            name=68 6F 6E 6F 72 5F 75 72 6C
            value=68 74 74 70 73 3A 2F 2F 71 75 6E 2E 71 71 2E 63 6F 6D 2F 69 6E 74 65 72 61 63 74 69 76 65 2F 71 75 6E 68 6F 6E 6F 72 3F 67 63 3D 39 37 37 34 39 34 32 32 39 26 61 6D 70 3B 5F 77 76 3D 33 26 61 6D 70 3B 5F 77 77 76 3D 31 32 38
    }, TemplParam#477850591 {
            name=6E 69 63 6B
            value=E6 B7 B1 E8 A1 8C E6 88 91 E5 84 BF
    }, TemplParam#477850591 {
            name=75 69 6E
            value=34 36 30 30 32 37 33 37 32
    }, TemplParam#477850591 {
            name=75 69 6E 5F 75 72 6C
            value=6D 71 71 61 70 69 3A 2F 2F 63 61 72 64 2F 73 68 6F 77 5F 70 73 6C 63 61 72 64 3F 63 61 72 64 5F 74 79 70 65 3D 74 72 6F 6F 70 6D 65 6D 62 65 72 26 61 6D 70 3B 75 69 6E 3D 24 55 49 4E 24 26 61 6D 70 3B 74 72 6F 6F 70 63 6F 64 65 3D 39 37 37 34 39 34 32 32 39 26 61 6D 70 3B 73 72 63 5F 74 79 70 65 3D 69 6E 74 65 72 6E 61 6C 26 61 6D 70 3B 76 65 72 73 69 6F 6E 3D 31
    }][0m
[0m2021-04-09 22:30:55 V/Net 1657663326: Send: OnlinePush.RespPush[0m
[0m2021-04-09 22:31:02 V/Net 1657663326: Send: OnlinePush.RespPush[0m
[0m2021-04-09 22:31:48 V/Net 1657663326: Send: Heartbeat.Alive[0m
[0m2021-04-09 22:31:48 V/Net 1657663326: Recv: Heartbeat.Alive.Response[0m
[0m2021-04-09 22:32:48 V/Net 1657663326: Send: Heartbeat.Alive[0m
[0m2021-04-09 22:32:48 V/Net 1657663326: Recv: Heartbeat.Alive.Response[0m
[0m2021-04-09 22:33:48 V/Net 1657663326: Send: Heartbeat.Alive[0m
[0m2021-04-09 22:33:48 V/Net 1657663326: Recv: Heartbeat.Alive.Response[0m
[0m2021-04-09 22:34:48 V/Net 1657663326: Send: Heartbeat.Alive[0m
[0m2021-04-09 22:34:48 V/Net 1657663326: Recv: Heartbeat.Alive.Response[0m
[0m2021-04-09 22:35:13 V/Net 1657663326: Send: StatSvc.SimpleGet[0m
[0m2021-04-09 22:35:13 V/Net 1657663326: Recv: Response(SimpleGet.Response)[0m
[0m2021-04-09 22:35:48 V/Net 1657663326: Send: Heartbeat.Alive[0m
[0m2021-04-09 22:35:48 V/Net 1657663326: Recv: Heartbeat.Alive.Response[0m
[0m2021-04-09 22:36:48 V/Net 1657663326: Send: Heartbeat.Alive[0m
[0m2021-04-09 22:36:48 V/Net 1657663326: Recv: Heartbeat.Alive.Response[0m
[0m2021-04-09 22:37:48 V/Net 1657663326: Send: Heartbeat.Alive[0m
[0m2021-04-09 22:37:48 V/Net 1657663326: Recv: Heartbeat.Alive.Response[0m
[0m2021-04-09 22:38:48 V/Net 1657663326: Send: Heartbeat.Alive[0m
[0m2021-04-09 22:38:48 V/Net 1657663326: Recv: Heartbeat.Alive.Response[0m
[0m2021-04-09 22:39:43 V/Net 1657663326: Send: StatSvc.SimpleGet[0m
[0m2021-04-09 22:39:43 V/Net 1657663326: Recv: Response(SimpleGet.Response)[0m
[0m2021-04-09 22:39:48 V/Net 1657663326: Send: Heartbeat.Alive[0m
[0m2021-04-09 22:39:48 V/Net 1657663326: Recv: Heartbeat.Alive.Response[0m
[0m2021-04-09 22:40:48 V/Net 1657663326: Send: Heartbeat.Alive[0m
[0m2021-04-09 22:40:48 V/Net 1657663326: Recv: Heartbeat.Alive.Response[0m
[0m2021-04-09 22:41:48 V/Net 1657663326: Send: Heartbeat.Alive[0m
[0m2021-04-09 22:41:48 V/Net 1657663326: Recv: Heartbeat.Alive.Response[0m
[0m2021-04-09 22:42:48 V/Net 1657663326: Send: Heartbeat.Alive[0m
[0m2021-04-09 22:42:48 V/Net 1657663326: Recv: Heartbeat.Alive.Response[0m
[0m2021-04-09 22:43:48 V/Net 1657663326: Send: Heartbeat.Alive[0m
[0m2021-04-09 22:43:48 V/Net 1657663326: Recv: Heartbeat.Alive.Response[0m
[0m2021-04-09 22:44:13 V/Net 1657663326: Send: StatSvc.SimpleGet[0m
[0m2021-04-09 22:44:13 V/Net 1657663326: Recv: Response(SimpleGet.Response)[0m
[0m2021-04-09 22:44:48 V/Net 1657663326: Send: Heartbeat.Alive[0m
[0m2021-04-09 22:44:48 V/Net 1657663326: Recv: Heartbeat.Alive.Response[0m
[0m2021-04-09 22:45:48 V/Net 1657663326: Send: Heartbeat.Alive[0m
[0m2021-04-09 22:45:48 V/Net 1657663326: Recv: Heartbeat.Alive.Response[0m
[0m2021-04-09 22:46:48 V/Net 1657663326: Send: Heartbeat.Alive[0m
[0m2021-04-09 22:46:49 V/Net 1657663326: Recv: Heartbeat.Alive.Response[0m
[0m2021-04-09 22:47:49 V/Net 1657663326: Send: Heartbeat.Alive[0m
[0m2021-04-09 22:47:49 V/Net 1657663326: Recv: Heartbeat.Alive.Response[0m
[0m2021-04-09 22:48:43 V/Net 1657663326: Send: StatSvc.SimpleGet[0m
[0m2021-04-09 22:48:44 V/Net 1657663326: Recv: Response(SimpleGet.Response)[0m
[0m2021-04-09 22:48:49 V/Net 1657663326: Send: Heartbeat.Alive[0m
[0m2021-04-09 22:48:49 V/Net 1657663326: Recv: Heartbeat.Alive.Response[0m
[0m2021-04-09 22:49:49 V/Net 1657663326: Send: Heartbeat.Alive[0m
[0m2021-04-09 22:49:49 V/Net 1657663326: Recv: Heartbeat.Alive.Response[0m
[0m2021-04-09 22:50:49 V/Net 1657663326: Send: Heartbeat.Alive[0m
[0m2021-04-09 22:50:49 V/Net 1657663326: Recv: Heartbeat.Alive.Response[0m
[0m2021-04-09 22:51:49 V/Net 1657663326: Send: Heartbeat.Alive[0m
[0m2021-04-09 22:51:49 V/Net 1657663326: Recv: Heartbeat.Alive.Response[0m
[0m2021-04-09 22:52:49 V/Net 1657663326: Send: Heartbeat.Alive[0m
[0m2021-04-09 22:52:49 V/Net 1657663326: Recv: Heartbeat.Alive.Response[0m
[0m2021-04-09 22:53:14 V/Net 1657663326: Send: StatSvc.SimpleGet[0m
[0m2021-04-09 22:53:14 V/Net 1657663326: Recv: Response(SimpleGet.Response)[0m
[0m2021-04-09 22:53:49 V/Net 1657663326: Send: Heartbeat.Alive[0m
[0m2021-04-09 22:53:49 V/Net 1657663326: Recv: Heartbeat.Alive.Response[0m
[0m2021-04-09 22:54:49 V/Net 1657663326: Send: Heartbeat.Alive[0m
[0m2021-04-09 22:54:49 V/Net 1657663326: Recv: Heartbeat.Alive.Response[0m
[0m2021-04-09 22:55:49 V/Net 1657663326: Send: Heartbeat.Alive[0m
[0m2021-04-09 22:55:49 V/Net 1657663326: Recv: Heartbeat.Alive.Response[0m
[0m2021-04-09 22:56:49 V/Net 1657663326: Send: Heartbeat.Alive[0m
[0m2021-04-09 22:56:49 V/Net 1657663326: Recv: Heartbeat.Alive.Response[0m
[0m2021-04-09 22:57:44 V/Net 1657663326: Send: StatSvc.SimpleGet[0m
[0m2021-04-09 22:57:44 V/Net 1657663326: Recv: Response(SimpleGet.Response)[0m
[0m2021-04-09 22:57:49 V/Net 1657663326: Send: Heartbeat.Alive[0m
[0m2021-04-09 22:57:49 V/Net 1657663326: Recv: Heartbeat.Alive.Response[0m
[0m2021-04-09 22:58:49 V/Net 1657663326: Send: Heartbeat.Alive[0m
[0m2021-04-09 22:58:49 V/Net 1657663326: Recv: Heartbeat.Alive.Response[0m
[0m2021-04-09 22:59:49 V/Net 1657663326: Send: Heartbeat.Alive[0m
[0m2021-04-09 22:59:49 V/Net 1657663326: Recv: Heartbeat.Alive.Response[0m
[0m2021-04-09 23:00:49 V/Net 1657663326: Send: Heartbeat.Alive[0m
[0m2021-04-09 23:00:49 V/Net 1657663326: Recv: Heartbeat.Alive.Response[0m
[0m2021-04-09 23:01:49 V/Net 1657663326: Send: Heartbeat.Alive[0m
[0m2021-04-09 23:01:49 V/Net 1657663326: Recv: Heartbeat.Alive.Response[0m
[0m2021-04-09 23:02:14 V/Net 1657663326: Send: StatSvc.SimpleGet[0m
[0m2021-04-09 23:02:14 V/Net 1657663326: Recv: Response(SimpleGet.Response)[0m
[0m2021-04-09 23:02:49 V/Net 1657663326: Send: Heartbeat.Alive[0m
[0m2021-04-09 23:02:49 V/Net 1657663326: Recv: Heartbeat.Alive.Response[0m
[0m2021-04-09 23:03:49 V/Net 1657663326: Send: Heartbeat.Alive[0m
[0m2021-04-09 23:03:49 V/Net 1657663326: Recv: Heartbeat.Alive.Response[0m
[0m2021-04-09 23:04:49 V/Net 1657663326: Send: Heartbeat.Alive[0m
[0m2021-04-09 23:04:49 V/Net 1657663326: Recv: Heartbeat.Alive.Response[0m
[0m2021-04-09 23:05:49 V/Net 1657663326: Send: Heartbeat.Alive[0m
[0m2021-04-09 23:05:50 V/Net 1657663326: Recv: Heartbeat.Alive.Response[0m
[0m2021-04-09 23:06:44 V/Net 1657663326: Send: StatSvc.SimpleGet[0m
[0m2021-04-09 23:06:44 V/Net 1657663326: Recv: Response(SimpleGet.Response)[0m
[0m2021-04-09 23:06:50 V/Net 1657663326: Send: Heartbeat.Alive[0m
[0m2021-04-09 23:06:50 V/Net 1657663326: Recv: Heartbeat.Alive.Response[0m
[0m2021-04-09 23:07:50 V/Net 1657663326: Send: Heartbeat.Alive[0m
[0m2021-04-09 23:07:50 V/Net 1657663326: Recv: Heartbeat.Alive.Response[0m
[0m2021-04-09 23:08:50 V/Net 1657663326: Send: Heartbeat.Alive[0m
[0m2021-04-09 23:08:50 V/Net 1657663326: Recv: Heartbeat.Alive.Response[0m
[0m2021-04-09 23:09:25 V/Net 1657663326: Send: OnlinePush.RespPush[0m
[0m2021-04-09 23:09:33 V/Net 1657663326: Send: OnlinePush.RespPush[0m
[0m2021-04-09 23:09:50 V/Net 1657663326: Send: Heartbeat.Alive[0m
[0m2021-04-09 23:09:50 V/Net 1657663326: Recv: Heartbeat.Alive.Response[0m
[0m2021-04-09 23:10:50 V/Net 1657663326: Send: Heartbeat.Alive[0m
[0m2021-04-09 23:10:50 V/Net 1657663326: Recv: Heartbeat.Alive.Response[0m
[0m2021-04-09 23:11:14 V/Net 1657663326: Send: StatSvc.SimpleGet[0m
[0m2021-04-09 23:11:14 V/Net 1657663326: Recv: Response(SimpleGet.Response)[0m
[0m2021-04-09 23:11:50 V/Net 1657663326: Send: Heartbeat.Alive[0m
[0m2021-04-09 23:11:50 V/Net 1657663326: Recv: Heartbeat.Alive.Response[0m
[0m2021-04-09 23:12:50 V/Net 1657663326: Send: Heartbeat.Alive[0m
[0m2021-04-09 23:12:50 V/Net 1657663326: Recv: Heartbeat.Alive.Response[0m
[0m2021-04-09 23:13:50 V/Net 1657663326: Send: Heartbeat.Alive[0m
[0m2021-04-09 23:13:50 V/Net 1657663326: Recv: Heartbeat.Alive.Response[0m
[0m2021-04-09 23:14:19 V/Net 1657663326: Send: OnlinePush.RespPush[0m
[0m2021-04-09 23:14:27 V/Net 1657663326: Send: OnlinePush.RespPush[0m
[0m2021-04-09 23:14:50 V/Net 1657663326: Send: Heartbeat.Alive[0m
[0m2021-04-09 23:14:50 V/Net 1657663326: Recv: Heartbeat.Alive.Response[0m
[0m2021-04-09 23:15:24 V/Net 1657663326: Send: OnlinePush.RespPush[0m
[0m2021-04-09 23:15:33 V/Net 1657663326: Send: OnlinePush.RespPush[0m
[0m2021-04-09 23:15:44 V/Net 1657663326: Send: StatSvc.SimpleGet[0m
[0m2021-04-09 23:15:44 V/Net 1657663326: Recv: Response(SimpleGet.Response)[0m
[0m2021-04-09 23:15:50 V/Net 1657663326: Send: Heartbeat.Alive[0m
[0m2021-04-09 23:15:50 V/Net 1657663326: Recv: Heartbeat.Alive.Response[0m
[0m2021-04-09 23:15:51 V/Net 1657663326: Send: OnlinePush.RespPush[0m
[0m2021-04-09 23:15:59 V/Net 1657663326: Send: OnlinePush.RespPush[0m
[0m2021-04-09 23:16:50 V/Net 1657663326: Send: Heartbeat.Alive[0m
[0m2021-04-09 23:16:50 V/Net 1657663326: Recv: Heartbeat.Alive.Response[0m
[96m2021-04-09 23:16:53 D/Net 1657663326: Unknown Transformers528 0x14 template
templId=1067
PermList=[TemplParam#477850591 {
            name=68 6F 6E 6F 72 5F 69 6D 67
            value=68 74 74 70 73 3A 2F 2F 71 7A 6F 6E 65 73 74 79 6C 65 2E 67 74 69 6D 67 2E 63 6E 2F 61 6F 69 2F 73 6F 6C 61 2F 32 30 32 30 30 32 31 33 31 35 30 34 32 32 5F 4B 43 51 69 77 42 56 6C 74 6E 2E 70 6E 67
    }, TemplParam#477850591 {
            name=68 6F 6E 6F 72 5F 6E 61 6D 65 5F 32
            value=E5 BF AB E4 B9 90 E6 BA 90 E6 B3 89
    }, TemplParam#477850591 {
            name=68 6F 6E 6F 72 5F 75 72 6C
            value=68 74 74 70 73 3A 2F 2F 71 75 6E 2E 71 71 2E 63 6F 6D 2F 69 6E 74 65 72 61 63 74 69 76 65 2F 71 75 6E 68 6F 6E 6F 72 3F 67 63 3D 39 37 37 34 39 34 32 32 39 26 61 6D 70 3B 5F 77 76 3D 33 26 61 6D 70 3B 5F 77 77 76 3D 31 32 38
    }, TemplParam#477850591 {
            name=6E 69 63 6B
            value=E9 93 81 E7 AC 9B E4 BB 99 E6 B2 90 E9 9B A8 EF BC 88 E5 8D 8A 41 EF BC 89
    }, TemplParam#477850591 {
            name=75 69 6E
            value=32 36 30 36 38 37 34 39 32 33
    }, TemplParam#477850591 {
            name=75 69 6E 5F 75 72 6C
            value=6D 71 71 61 70 69 3A 2F 2F 63 61 72 64 2F 73 68 6F 77 5F 70 73 6C 63 61 72 64 3F 63 61 72 64 5F 74 79 70 65 3D 74 72 6F 6F 70 6D 65 6D 62 65 72 26 61 6D 70 3B 75 69 6E 3D 24 55 49 4E 24 26 61 6D 70 3B 74 72 6F 6F 70 63 6F 64 65 3D 39 37 37 34 39 34 32 32 39 26 61 6D 70 3B 73 72 63 5F 74 79 70 65 3D 69 6E 74 65 72 6E 61 6C 26 61 6D 70 3B 76 65 72 73 69 6F 6E 3D 31
    }][0m
[0m2021-04-09 23:16:53 V/Net 1657663326: Send: OnlinePush.RespPush[0m
[0m2021-04-09 23:17:01 V/Net 1657663326: Send: OnlinePush.RespPush[0m
[0m2021-04-09 23:17:50 V/Net 1657663326: Send: Heartbeat.Alive[0m
[0m2021-04-09 23:17:50 V/Net 1657663326: Recv: Heartbeat.Alive.Response[0m
[0m2021-04-09 23:18:50 V/Net 1657663326: Send: Heartbeat.Alive[0m
[0m2021-04-09 23:18:50 V/Net 1657663326: Recv: Heartbeat.Alive.Response[0m
[0m2021-04-09 23:19:50 V/Net 1657663326: Send: Heartbeat.Alive[0m
[0m2021-04-09 23:19:50 V/Net 1657663326: Recv: Heartbeat.Alive.Response[0m
[0m2021-04-09 23:20:14 V/Net 1657663326: Send: StatSvc.SimpleGet[0m
[0m2021-04-09 23:20:14 V/Net 1657663326: Recv: Response(SimpleGet.Response)[0m
[0m2021-04-09 23:20:50 V/Net 1657663326: Send: Heartbeat.Alive[0m
[0m2021-04-09 23:20:50 V/Net 1657663326: Recv: Heartbeat.Alive.Response[0m
[0m2021-04-09 23:21:50 V/Net 1657663326: Send: Heartbeat.Alive[0m
[0m2021-04-09 23:21:50 V/Net 1657663326: Recv: Heartbeat.Alive.Response[0m
[0m2021-04-09 23:22:50 V/Net 1657663326: Send: Heartbeat.Alive[0m
[0m2021-04-09 23:22:50 V/Net 1657663326: Recv: Heartbeat.Alive.Response[0m
[0m2021-04-09 23:23:50 V/Net 1657663326: Send: Heartbeat.Alive[0m
[0m2021-04-09 23:23:50 V/Net 1657663326: Recv: Heartbeat.Alive.Response[0m
[0m2021-04-09 23:24:44 V/Net 1657663326: Send: StatSvc.SimpleGet[0m
[0m2021-04-09 23:24:44 V/Net 1657663326: Recv: Response(SimpleGet.Response)[0m
[0m2021-04-09 23:24:50 V/Net 1657663326: Send: Heartbeat.Alive[0m
[0m2021-04-09 23:24:51 V/Net 1657663326: Recv: Heartbeat.Alive.Response[0m
[0m2021-04-09 23:24:58 V/Net 1657663326: Send: OnlinePush.RespPush[0m
[0m2021-04-09 23:24:58 V/Net 1657663326: Send: OnlinePush.RespPush[0m
[0m2021-04-09 23:25:06 V/Net 1657663326: Send: OnlinePush.RespPush[0m
[0m2021-04-09 23:25:07 V/Net 1657663326: Send: OnlinePush.RespPush[0m
[0m2021-04-09 23:25:51 V/Net 1657663326: Send: Heartbeat.Alive[0m
[0m2021-04-09 23:25:51 V/Net 1657663326: Recv: Heartbeat.Alive.Response[0m
[0m2021-04-09 23:26:51 V/Net 1657663326: Send: Heartbeat.Alive[0m
[0m2021-04-09 23:26:51 V/Net 1657663326: Recv: Heartbeat.Alive.Response[0m
[0m2021-04-09 23:27:51 V/Net 1657663326: Send: Heartbeat.Alive[0m
[0m2021-04-09 23:27:51 V/Net 1657663326: Recv: Heartbeat.Alive.Response[0m
[0m2021-04-09 23:28:51 V/Net 1657663326: Send: Heartbeat.Alive[0m
[0m2021-04-09 23:28:51 V/Net 1657663326: Recv: Heartbeat.Alive.Response[0m
[0m2021-04-09 23:29:14 V/Net 1657663326: Send: StatSvc.SimpleGet[0m
[0m2021-04-09 23:29:14 V/Net 1657663326: Recv: Response(SimpleGet.Response)[0m
[0m2021-04-09 23:29:51 V/Net 1657663326: Send: Heartbeat.Alive[0m
[0m2021-04-09 23:29:51 V/Net 1657663326: Recv: Heartbeat.Alive.Response[0m
[0m2021-04-09 23:30:51 V/Net 1657663326: Send: Heartbeat.Alive[0m
[0m2021-04-09 23:30:51 V/Net 1657663326: Recv: Heartbeat.Alive.Response[0m
[0m2021-04-09 23:31:51 V/Net 1657663326: Send: Heartbeat.Alive[0m
[0m2021-04-09 23:31:51 V/Net 1657663326: Recv: Heartbeat.Alive.Response[0m
[0m2021-04-09 23:32:21 V/Net 1657663326: Send: OnlinePush.RespPush[0m
[0m2021-04-09 23:32:29 V/Net 1657663326: Send: OnlinePush.RespPush[0m
[0m2021-04-09 23:32:51 V/Net 1657663326: Send: Heartbeat.Alive[0m
[0m2021-04-09 23:32:51 V/Net 1657663326: Recv: Heartbeat.Alive.Response[0m
[0m2021-04-09 23:33:44 V/Net 1657663326: Send: StatSvc.SimpleGet[0m
[0m2021-04-09 23:33:44 V/Net 1657663326: Recv: Response(SimpleGet.Response)[0m
[0m2021-04-09 23:33:51 V/Net 1657663326: Send: Heartbeat.Alive[0m
[0m2021-04-09 23:33:51 V/Net 1657663326: Recv: Heartbeat.Alive.Response[0m
[0m2021-04-09 23:34:51 V/Net 1657663326: Send: Heartbeat.Alive[0m
[0m2021-04-09 23:34:51 V/Net 1657663326: Recv: Heartbeat.Alive.Response[0m
[0m2021-04-09 23:35:51 V/Net 1657663326: Send: Heartbeat.Alive[0m
[0m2021-04-09 23:35:51 V/Net 1657663326: Recv: Heartbeat.Alive.Response[0m
[0m2021-04-09 23:36:51 V/Net 1657663326: Send: Heartbeat.Alive[0m
[0m2021-04-09 23:36:51 V/Net 1657663326: Recv: Heartbeat.Alive.Response[0m
[0m2021-04-09 23:37:51 V/Net 1657663326: Send: Heartbeat.Alive[0m
[0m2021-04-09 23:37:51 V/Net 1657663326: Recv: Heartbeat.Alive.Response[0m
[0m2021-04-09 23:38:14 V/Net 1657663326: Send: StatSvc.SimpleGet[0m
[0m2021-04-09 23:38:14 V/Net 1657663326: Recv: Response(SimpleGet.Response)[0m
[0m2021-04-09 23:38:51 V/Net 1657663326: Send: Heartbeat.Alive[0m
[0m2021-04-09 23:38:51 V/Net 1657663326: Recv: Heartbeat.Alive.Response[0m
[0m2021-04-09 23:39:51 V/Net 1657663326: Send: Heartbeat.Alive[0m
[0m2021-04-09 23:39:51 V/Net 1657663326: Recv: Heartbeat.Alive.Response[0m
[0m2021-04-09 23:40:51 V/Net 1657663326: Send: Heartbeat.Alive[0m
[0m2021-04-09 23:40:51 V/Net 1657663326: Recv: Heartbeat.Alive.Response[0m
[0m2021-04-09 23:41:51 V/Net 1657663326: Send: Heartbeat.Alive[0m
[0m2021-04-09 23:41:51 V/Net 1657663326: Recv: Heartbeat.Alive.Response[0m
[0m2021-04-09 23:42:44 V/Net 1657663326: Send: StatSvc.SimpleGet[0m
[0m2021-04-09 23:42:44 V/Net 1657663326: Recv: Response(SimpleGet.Response)[0m
[0m2021-04-09 23:42:51 V/Net 1657663326: Send: Heartbeat.Alive[0m
[0m2021-04-09 23:42:51 V/Net 1657663326: Recv: Heartbeat.Alive.Response[0m
[0m2021-04-09 23:43:51 V/Net 1657663326: Send: Heartbeat.Alive[0m
[0m2021-04-09 23:43:51 V/Net 1657663326: Recv: Heartbeat.Alive.Response[0m
[0m2021-04-09 23:44:51 V/Net 1657663326: Send: Heartbeat.Alive[0m
[0m2021-04-09 23:44:52 V/Net 1657663326: Recv: Heartbeat.Alive.Response[0m
[0m2021-04-09 23:44:53 V/Net 1657663326: Send: OnlinePush.RespPush[0m
[0m2021-04-09 23:45:01 V/Net 1657663326: Send: OnlinePush.RespPush[0m
[0m2021-04-09 23:45:52 V/Net 1657663326: Send: Heartbeat.Alive[0m
[0m2021-04-09 23:45:52 V/Net 1657663326: Recv: Heartbeat.Alive.Response[0m
[0m2021-04-09 23:46:52 V/Net 1657663326: Send: Heartbeat.Alive[0m
[0m2021-04-09 23:46:52 V/Net 1657663326: Recv: Heartbeat.Alive.Response[0m
[0m2021-04-09 23:47:14 V/Net 1657663326: Send: StatSvc.SimpleGet[0m
[0m2021-04-09 23:47:14 V/Net 1657663326: Recv: Response(SimpleGet.Response)[0m
[0m2021-04-09 23:47:52 V/Net 1657663326: Send: Heartbeat.Alive[0m
[0m2021-04-09 23:47:52 V/Net 1657663326: Recv: Heartbeat.Alive.Response[0m
[0m2021-04-09 23:48:52 V/Net 1657663326: Send: OnlinePush.RespPush[0m
[0m2021-04-09 23:48:52 V/Net 1657663326: Send: Heartbeat.Alive[0m
[0m2021-04-09 23:48:52 V/Net 1657663326: Recv: Heartbeat.Alive.Response[0m
[0m2021-04-09 23:49:00 V/Net 1657663326: Send: OnlinePush.RespPush[0m
[0m2021-04-09 23:49:52 V/Net 1657663326: Send: Heartbeat.Alive[0m
[0m2021-04-09 23:49:52 V/Net 1657663326: Recv: Heartbeat.Alive.Response[0m
[0m2021-04-09 23:50:52 V/Net 1657663326: Send: Heartbeat.Alive[0m
[0m2021-04-09 23:50:52 V/Net 1657663326: Recv: Heartbeat.Alive.Response[0m
[0m2021-04-09 23:51:44 V/Net 1657663326: Send: StatSvc.SimpleGet[0m
[0m2021-04-09 23:51:44 V/Net 1657663326: Recv: Response(SimpleGet.Response)[0m
[0m2021-04-09 23:51:52 V/Net 1657663326: Send: Heartbeat.Alive[0m
[0m2021-04-09 23:51:52 V/Net 1657663326: Recv: Heartbeat.Alive.Response[0m
[0m2021-04-09 23:52:52 V/Net 1657663326: Send: Heartbeat.Alive[0m
[0m2021-04-09 23:52:52 V/Net 1657663326: Recv: Heartbeat.Alive.Response[0m
[0m2021-04-09 23:53:52 V/Net 1657663326: Send: Heartbeat.Alive[0m
[0m2021-04-09 23:53:52 V/Net 1657663326: Recv: Heartbeat.Alive.Response[0m
[0m2021-04-09 23:54:52 V/Net 1657663326: Send: Heartbeat.Alive[0m
[0m2021-04-09 23:54:52 V/Net 1657663326: Recv: Heartbeat.Alive.Response[0m
[0m2021-04-09 23:55:52 V/Net 1657663326: Send: Heartbeat.Alive[0m
[0m2021-04-09 23:55:52 V/Net 1657663326: Recv: Heartbeat.Alive.Response[0m
[0m2021-04-09 23:56:14 V/Net 1657663326: Send: StatSvc.SimpleGet[0m
[0m2021-04-09 23:56:14 V/Net 1657663326: Recv: Response(SimpleGet.Response)[0m
[0m2021-04-09 23:56:52 V/Net 1657663326: Send: Heartbeat.Alive[0m
[0m2021-04-09 23:56:52 V/Net 1657663326: Recv: Heartbeat.Alive.Response[0m
[0m2021-04-09 23:57:52 V/Net 1657663326: Send: Heartbeat.Alive[0m
[0m2021-04-09 23:57:52 V/Net 1657663326: Recv: Heartbeat.Alive.Response[0m
[0m2021-04-09 23:58:52 V/Net 1657663326: Send: Heartbeat.Alive[0m
[0m2021-04-09 23:58:52 V/Net 1657663326: Recv: Heartbeat.Alive.Response[0m
[0m2021-04-09 23:59:52 V/Net 1657663326: Send: Heartbeat.Alive[0m
[0m2021-04-09 23:59:52 V/Net 1657663326: Recv: Heartbeat.Alive.Response[0m
